<?xml version="1.0" encoding="UTF-8"?>
<testsuite name="ar.com.grupoesfera.capacitacion.enviospostales.AplicacionTest" tests="1" skipped="0" failures="0" errors="0" timestamp="2020-12-10T17:43:35" hostname="AR0C02DJ1ULML85" time="0.002">
  <properties/>
  <testcase name="laAplicacionDeberiaMostrarElMensajeDeBienvenida" classname="ar.com.grupoesfera.capacitacion.enviospostales.AplicacionTest" time="0.002"/>
  <system-out><![CDATA[]]></system-out>
  <system-err><![CDATA[]]></system-err>
</testsuite>
